[0:2:44.420] Global cache location '/Users/ivy/Library/Caches/typescript/3.7', safe file path '/users/ivy/.fnm/node-versions/v12.13.1/installation/lib/node_modules/typescript/lib/typingsafelist.json', types map path /users/ivy/.fnm/node-versions/v12.13.1/installation/lib/node_modules/typescript/lib/typesmap.json
[0:2:44.422] Processing cache location '/Users/ivy/Library/Caches/typescript/3.7'
[0:2:44.422] Trying to find '/Users/ivy/Library/Caches/typescript/3.7/package.json'...
[0:2:44.424] Loaded content of '/Users/ivy/Library/Caches/typescript/3.7/package.json': {"private":true,"dependencies":{"types-registry":"^0.1.480"},"devDependencies":{"@types/core-js":"^2.5.2","@types/draft-js":"^0.10.38","@types/history":"^4.7.5","@types/hoist-non-react-statics":"^3.3.1","@types/invariant":"^2.2.31","@types/jwt-decode":"^2.2.1","@types/object-assign":"^4.0.30","@types/prop-types":"^15.7.3","@types/react":"^16.9.17","@types/react-dom":"^16.9.4","@types/react-is":"^16.7.1","@types/react-redux":"^7.1.5","@types/react-router":"^5.1.3","@types/react-router-dom":"^5.1.3","@types/react-router-hash-link":"^1.2.1"}}
[0:2:44.424] Loaded content of '/Users/ivy/Library/Caches/typescript/3.7/package-lock.json'
[0:2:44.438] Adding entry into typings cache: 'core-js' => '/Users/ivy/Library/Caches/typescript/3.7/node_modules/@types/core-js/index.d.ts'
[0:2:44.443] Adding entry into typings cache: 'draft-js' => '/Users/ivy/Library/Caches/typescript/3.7/node_modules/@types/draft-js/index.d.ts'
[0:2:44.446] Adding entry into typings cache: 'history' => '/Users/ivy/Library/Caches/typescript/3.7/node_modules/@types/history/index.d.ts'
[0:2:44.454] Adding entry into typings cache: 'hoist-non-react-statics' => '/Users/ivy/Library/Caches/typescript/3.7/node_modules/@types/hoist-non-react-statics/index.d.ts'
[0:2:44.458] Adding entry into typings cache: 'invariant' => '/Users/ivy/Library/Caches/typescript/3.7/node_modules/@types/invariant/ts3.7/index.d.ts'
[0:2:44.461] Adding entry into typings cache: 'jwt-decode' => '/Users/ivy/Library/Caches/typescript/3.7/node_modules/@types/jwt-decode/index.d.ts'
[0:2:44.466] Adding entry into typings cache: 'object-assign' => '/Users/ivy/Library/Caches/typescript/3.7/node_modules/@types/object-assign/index.d.ts'
[0:2:44.470] Adding entry into typings cache: 'prop-types' => '/Users/ivy/Library/Caches/typescript/3.7/node_modules/@types/prop-types/index.d.ts'
[0:2:44.474] Adding entry into typings cache: 'react' => '/Users/ivy/Library/Caches/typescript/3.7/node_modules/@types/react/index.d.ts'
[0:2:44.477] Adding entry into typings cache: 'react-dom' => '/Users/ivy/Library/Caches/typescript/3.7/node_modules/@types/react-dom/index.d.ts'
[0:2:44.503] Adding entry into typings cache: 'react-is' => '/Users/ivy/Library/Caches/typescript/3.7/node_modules/@types/react-is/index.d.ts'
[0:2:44.506] Adding entry into typings cache: 'react-redux' => '/Users/ivy/Library/Caches/typescript/3.7/node_modules/@types/react-redux/index.d.ts'
[0:2:44.509] Adding entry into typings cache: 'react-router' => '/Users/ivy/Library/Caches/typescript/3.7/node_modules/@types/react-router/index.d.ts'
[0:2:44.511] Adding entry into typings cache: 'react-router-dom' => '/Users/ivy/Library/Caches/typescript/3.7/node_modules/@types/react-router-dom/index.d.ts'
[0:2:44.514] Adding entry into typings cache: 'react-router-hash-link' => '/Users/ivy/Library/Caches/typescript/3.7/node_modules/@types/react-router-hash-link/index.d.ts'
[0:2:44.514] Finished processing cache location '/Users/ivy/Library/Caches/typescript/3.7'
[0:2:44.515] Process id: 14066
[0:2:44.515] NPM location: /Users/ivy/.fnm/node-versions/v12.13.1/installation/bin/npm (explicit '--npmLocation' not  provided)
[0:2:44.515] validateDefaultNpmLocation: false
[0:2:44.515] Npm config file: /Users/ivy/Library/Caches/typescript/3.7/package.json
[0:2:44.515] Updating types-registry npm package...
[0:2:44.515] Exec: /Users/ivy/.fnm/node-versions/v12.13.1/installation/bin/npm install --ignore-scripts types-registry@latest
[0:2:46.742]     Succeeded. stdout:
    + types-registry@0.1.480
    updated 1 package and audited 74 packages in 0.97s
found 0 vulnerabilities


[0:2:46.742] Updated types-registry npm package
[0:2:46.758] Got install request {"projectName":"/dev/null/inferredProject1*","fileNames":["/Users/ivy/.fnm/node-versions/v12.13.1/installation/lib/node_modules/typescript/lib/lib.d.ts","/Users/ivy/.fnm/node-versions/v12.13.1/installation/lib/node_modules/typescript/lib/lib.es5.d.ts","/Users/ivy/.fnm/node-versions/v12.13.1/installation/lib/node_modules/typescript/lib/lib.dom.d.ts","/Users/ivy/.fnm/node-versions/v12.13.1/installation/lib/node_modules/typescript/lib/lib.webworker.importscripts.d.ts","/Users/ivy/.fnm/node-versions/v12.13.1/installation/lib/node_modules/typescript/lib/lib.scripthost.d.ts","/Users/ivy/projects/dotdex/lib/utils.js","/Users/ivy/projects/dotdex/lib/config.js","/Users/ivy/projects/dotdex/lib/dotdex.js"],"compilerOptions":{"target":1,"jsx":1,"allowNonTsExtensions":true,"allowJs":true,"noEmitForJsFiles":true,"maxNodeModuleJsDepth":2},"typeAcquisition":{"enable":true,"include":[],"exclude":[]},"unresolvedImports":["fs","ncp","readline","rimraf","simple-git","util"],"projectRootPath":"/users/ivy/projects/dotdex/lib","kind":"discover"}
[0:2:46.775] Loaded safelist from types map file '/users/ivy/.fnm/node-versions/v12.13.1/installation/lib/node_modules/typescript/lib/typesmap.json'
[0:2:46.776] Explicitly included types: []
[0:2:46.777] Inferred typings from unresolved imports: ["node","ncp","rimraf","simple-git"]
[0:2:46.777] Result: {"cachedTypingPaths":[],"newTypingNames":["node","ncp","rimraf","simple-git"],"filesToWatch":["/Users/ivy/projects/dotdex/lib/bower_components","/Users/ivy/projects/dotdex/lib/node_modules","/users/ivy/projects/dotdex/lib/bower_components","/users/ivy/projects/dotdex/lib/node_modules"]}
[0:2:46.777] Finished typings discovery: {"cachedTypingPaths":[],"newTypingNames":["node","ncp","rimraf","simple-git"],"filesToWatch":["/Users/ivy/projects/dotdex/lib/bower_components","/Users/ivy/projects/dotdex/lib/node_modules","/users/ivy/projects/dotdex/lib/bower_components","/users/ivy/projects/dotdex/lib/node_modules"]}
[0:2:46.778] DirectoryWatcher:: Added:: WatchInfo: /Users/ivy/projects/dotdex/lib/bower_components
[0:2:46.779] DirectoryWatcher:: Added:: WatchInfo: /Users/ivy/projects/dotdex/lib/node_modules
[0:2:46.780] Installing typings ["node","ncp","rimraf","simple-git"]
[0:2:46.780] 'simple-git':: Entry for package 'simple-git' does not exist in local types registry - skipping...
[0:2:46.780] Npm config file: /Users/ivy/Library/Caches/typescript/3.7/package.json
[0:2:46.780] Sending response:
    {"kind":"event::beginInstallTypes","eventId":1,"typingsInstallerVersion":"3.7.2","projectName":"/dev/null/inferredProject1*"}
[0:2:46.781] Response has been sent.
[0:2:46.781] #1 with arguments'["@types/node@ts3.7","@types/ncp@ts3.7","@types/rimraf@ts3.7"]'.
[0:2:46.781] Exec: /Users/ivy/.fnm/node-versions/v12.13.1/installation/bin/npm install --ignore-scripts @types/node@ts3.7 @types/ncp@ts3.7 @types/rimraf@ts3.7 --save-dev --user-agent="typesInstaller/3.7.2"
[0:2:48.584]     Succeeded. stdout:
    + @types/rimraf@2.0.3
    + @types/ncp@2.0.3
+ @types/node@13.7.7
added 6 packages from 54 contributors and audited 83 packages in 1.225s
found 0 vulnerabilities


[0:2:48.584] npm install #1 took: 1803 ms
[0:2:48.585] Installed typings ["@types/node@ts3.7","@types/ncp@ts3.7","@types/rimraf@ts3.7"]
[0:2:48.598] Installed typing files ["/Users/ivy/Library/Caches/typescript/3.7/node_modules/@types/node/ts3.2/index.d.ts","/Users/ivy/Library/Caches/typescript/3.7/node_modules/@types/ncp/index.d.ts","/Users/ivy/Library/Caches/typescript/3.7/node_modules/@types/rimraf/index.d.ts"]
[0:2:48.599] Sending response:
    {"projectName":"/dev/null/inferredProject1*","typeAcquisition":{"enable":true,"include":[],"exclude":[]},"compilerOptions":{"target":1,"jsx":1,"allowNonTsExtensions":true,"allowJs":true,"noEmitForJsFiles":true,"maxNodeModuleJsDepth":2},"typings":["/Users/ivy/Library/Caches/typescript/3.7/node_modules/@types/node/ts3.2/index.d.ts","/Users/ivy/Library/Caches/typescript/3.7/node_modules/@types/ncp/index.d.ts","/Users/ivy/Library/Caches/typescript/3.7/node_modules/@types/rimraf/index.d.ts"],"unresolvedImports":["fs","ncp","readline","rimraf","simple-git","util"],"kind":"action::set"}
[0:2:48.599] Response has been sent.
[0:2:48.599] Sending response:
    {"kind":"event::endInstallTypes","eventId":1,"projectName":"/dev/null/inferredProject1*","packagesToInstall":["@types/node@ts3.7","@types/ncp@ts3.7","@types/rimraf@ts3.7"],"installSuccess":true,"typingsInstallerVersion":"3.7.2"}
[0:2:48.600] Response has been sent.
[0:2:49.757] Got install request {"projectName":"/dev/null/inferredProject1*","fileNames":["/Users/ivy/.fnm/node-versions/v12.13.1/installation/lib/node_modules/typescript/lib/lib.d.ts","/Users/ivy/.fnm/node-versions/v12.13.1/installation/lib/node_modules/typescript/lib/lib.es5.d.ts","/Users/ivy/.fnm/node-versions/v12.13.1/installation/lib/node_modules/typescript/lib/lib.es2015.d.ts","/Users/ivy/.fnm/node-versions/v12.13.1/installation/lib/node_modules/typescript/lib/lib.es2016.d.ts","/Users/ivy/.fnm/node-versions/v12.13.1/installation/lib/node_modules/typescript/lib/lib.es2017.d.ts","/Users/ivy/.fnm/node-versions/v12.13.1/installation/lib/node_modules/typescript/lib/lib.es2018.d.ts","/Users/ivy/.fnm/node-versions/v12.13.1/installation/lib/node_modules/typescript/lib/lib.dom.d.ts","/Users/ivy/.fnm/node-versions/v12.13.1/installation/lib/node_modules/typescript/lib/lib.webworker.importscripts.d.ts","/Users/ivy/.fnm/node-versions/v12.13.1/installation/lib/node_modules/typescript/lib/lib.scripthost.d.ts","/Users/ivy/.fnm/node-versions/v12.13.1/installation/lib/node_modules/typescript/lib/lib.es2015.core.d.ts","/Users/ivy/.fnm/node-versions/v12.13.1/installation/lib/node_modules/typescript/lib/lib.es2015.collection.d.ts","/Users/ivy/.fnm/node-versions/v12.13.1/installation/lib/node_modules/typescript/lib/lib.es2015.generator.d.ts","/Users/ivy/.fnm/node-versions/v12.13.1/installation/lib/node_modules/typescript/lib/lib.es2015.iterable.d.ts","/Users/ivy/.fnm/node-versions/v12.13.1/installation/lib/node_modules/typescript/lib/lib.es2015.promise.d.ts","/Users/ivy/.fnm/node-versions/v12.13.1/installation/lib/node_modules/typescript/lib/lib.es2015.proxy.d.ts","/Users/ivy/.fnm/node-versions/v12.13.1/installation/lib/node_modules/typescript/lib/lib.es2015.reflect.d.ts","/Users/ivy/.fnm/node-versions/v12.13.1/installation/lib/node_modules/typescript/lib/lib.es2015.symbol.d.ts","/Users/ivy/.fnm/node-versions/v12.13.1/installation/lib/node_modules/typescript/lib/lib.es2015.symbol.wellknown.d.ts","/Users/ivy/.fnm/node-versions/v12.13.1/installation/lib/node_modules/typescript/lib/lib.es2016.array.include.d.ts","/Users/ivy/.fnm/node-versions/v12.13.1/installation/lib/node_modules/typescript/lib/lib.es2017.object.d.ts","/Users/ivy/.fnm/node-versions/v12.13.1/installation/lib/node_modules/typescript/lib/lib.es2017.sharedmemory.d.ts","/Users/ivy/.fnm/node-versions/v12.13.1/installation/lib/node_modules/typescript/lib/lib.es2017.string.d.ts","/Users/ivy/.fnm/node-versions/v12.13.1/installation/lib/node_modules/typescript/lib/lib.es2017.intl.d.ts","/Users/ivy/.fnm/node-versions/v12.13.1/installation/lib/node_modules/typescript/lib/lib.es2017.typedarrays.d.ts","/Users/ivy/.fnm/node-versions/v12.13.1/installation/lib/node_modules/typescript/lib/lib.es2018.asyncgenerator.d.ts","/Users/ivy/.fnm/node-versions/v12.13.1/installation/lib/node_modules/typescript/lib/lib.es2018.asynciterable.d.ts","/Users/ivy/.fnm/node-versions/v12.13.1/installation/lib/node_modules/typescript/lib/lib.es2018.intl.d.ts","/Users/ivy/.fnm/node-versions/v12.13.1/installation/lib/node_modules/typescript/lib/lib.es2018.promise.d.ts","/Users/ivy/.fnm/node-versions/v12.13.1/installation/lib/node_modules/typescript/lib/lib.es2018.regexp.d.ts","/Users/ivy/.fnm/node-versions/v12.13.1/installation/lib/node_modules/typescript/lib/lib.esnext.intl.d.ts","/Users/ivy/.fnm/node-versions/v12.13.1/installation/lib/node_modules/typescript/lib/lib.esnext.bigint.d.ts","/Users/ivy/Library/Caches/typescript/3.7/node_modules/@types/node/globals.d.ts","/Users/ivy/Library/Caches/typescript/3.7/node_modules/@types/node/assert.d.ts","/Users/ivy/Library/Caches/typescript/3.7/node_modules/@types/node/async_hooks.d.ts","/Users/ivy/Library/Caches/typescript/3.7/node_modules/@types/node/buffer.d.ts","/Users/ivy/Library/Caches/typescript/3.7/node_modules/@types/node/child_process.d.ts","/Users/ivy/Library/Caches/typescript/3.7/node_modules/@types/node/cluster.d.ts","/Users/ivy/Library/Caches/typescript/3.7/node_modules/@types/node/console.d.ts","/Users/ivy/Library/Caches/typescript/3.7/node_modules/@types/node/constants.d.ts","/Users/ivy/Library/Caches/typescript/3.7/node_modules/@types/node/crypto.d.ts","/Users/ivy/Library/Caches/typescript/3.7/node_modules/@types/node/dgram.d.ts","/Users/ivy/Library/Caches/typescript/3.7/node_modules/@types/node/dns.d.ts","/Users/ivy/Library/Caches/typescript/3.7/node_modules/@types/node/domain.d.ts","/Users/ivy/Library/Caches/typescript/3.7/node_modules/@types/node/events.d.ts","/Users/ivy/Library/Caches/typescript/3.7/node_modules/@types/node/fs.d.ts","/Users/ivy/Library/Caches/typescript/3.7/node_modules/@types/node/http.d.ts","/Users/ivy/Library/Caches/typescript/3.7/node_modules/@types/node/http2.d.ts","/Users/ivy/Library/Caches/typescript/3.7/node_modules/@types/node/https.d.ts","/Users/ivy/Library/Caches/typescript/3.7/node_modules/@types/node/inspector.d.ts","/Users/ivy/Library/Caches/typescript/3.7/node_modules/@types/node/module.d.ts","/Users/ivy/Library/Caches/typescript/3.7/node_modules/@types/node/net.d.ts","/Users/ivy/Library/Caches/typescript/3.7/node_modules/@types/node/os.d.ts","/Users/ivy/Library/Caches/typescript/3.7/node_modules/@types/node/path.d.ts","/Users/ivy/Library/Caches/typescript/3.7/node_modules/@types/node/perf_hooks.d.ts","/Users/ivy/Library/Caches/typescript/3.7/node_modules/@types/node/process.d.ts","/Users/ivy/Library/Caches/typescript/3.7/node_modules/@types/node/punycode.d.ts","/Users/ivy/Library/Caches/typescript/3.7/node_modules/@types/node/querystring.d.ts","/Users/ivy/Library/Caches/typescript/3.7/node_modules/@types/node/readline.d.ts","/Users/ivy/Library/Caches/typescript/3.7/node_modules/@types/node/repl.d.ts","/Users/ivy/Library/Caches/typescript/3.7/node_modules/@types/node/stream.d.ts","/Users/ivy/Library/Caches/typescript/3.7/node_modules/@types/node/string_decoder.d.ts","/Users/ivy/Library/Caches/typescript/3.7/node_modules/@types/node/timers.d.ts","/Users/ivy/Library/Caches/typescript/3.7/node_modules/@types/node/tls.d.ts","/Users/ivy/Library/Caches/typescript/3.7/node_modules/@types/node/trace_events.d.ts","/Users/ivy/Library/Caches/typescript/3.7/node_modules/@types/node/tty.d.ts","/Users/ivy/Library/Caches/typescript/3.7/node_modules/@types/node/url.d.ts","/Users/ivy/Library/Caches/typescript/3.7/node_modules/@types/node/util.d.ts","/Users/ivy/Library/Caches/typescript/3.7/node_modules/@types/node/v8.d.ts","/Users/ivy/Library/Caches/typescript/3.7/node_modules/@types/node/vm.d.ts","/Users/ivy/Library/Caches/typescript/3.7/node_modules/@types/node/worker_threads.d.ts","/Users/ivy/Library/Caches/typescript/3.7/node_modules/@types/node/zlib.d.ts","/Users/ivy/Library/Caches/typescript/3.7/node_modules/@types/node/base.d.ts","/Users/ivy/Library/Caches/typescript/3.7/node_modules/@types/node/ts3.2/fs.d.ts","/Users/ivy/Library/Caches/typescript/3.7/node_modules/@types/node/ts3.2/util.d.ts","/Users/ivy/Library/Caches/typescript/3.7/node_modules/@types/node/ts3.2/globals.d.ts","/Users/ivy/Library/Caches/typescript/3.7/node_modules/@types/node/ts3.2/index.d.ts","/Users/ivy/Library/Caches/typescript/3.7/node_modules/@types/ncp/index.d.ts","/Users/ivy/Library/Caches/typescript/3.7/node_modules/@types/rimraf/index.d.ts","/Users/ivy/projects/dotdex/lib/utils.js","/Users/ivy/projects/dotdex/lib/config.js","/Users/ivy/projects/dotdex/lib/dotdex.js"],"compilerOptions":{"target":1,"jsx":1,"allowNonTsExtensions":true,"allowJs":true,"noEmitForJsFiles":true,"maxNodeModuleJsDepth":2},"typeAcquisition":{"enable":true,"include":[],"exclude":[]},"unresolvedImports":["simple-git"],"projectRootPath":"/users/ivy/projects/dotdex/lib","kind":"discover"}
[0:2:49.759] Explicitly included types: []
[0:2:49.760] Inferred typings from unresolved imports: ["simple-git"]
[0:2:49.760] Result: {"cachedTypingPaths":[],"newTypingNames":["simple-git"],"filesToWatch":["/Users/ivy/projects/dotdex/lib/bower_components","/Users/ivy/projects/dotdex/lib/node_modules","/users/ivy/projects/dotdex/lib/bower_components","/users/ivy/projects/dotdex/lib/node_modules"]}
[0:2:49.760] Finished typings discovery: {"cachedTypingPaths":[],"newTypingNames":["simple-git"],"filesToWatch":["/Users/ivy/projects/dotdex/lib/bower_components","/Users/ivy/projects/dotdex/lib/node_modules","/users/ivy/projects/dotdex/lib/bower_components","/users/ivy/projects/dotdex/lib/node_modules"]}
[0:2:49.761] Installing typings ["simple-git"]
[0:2:49.761] 'simple-git':: Entry for package 'simple-git' does not exist in local types registry - skipping...
[0:2:49.762] All typings are known to be missing or invalid - no need to install more typings
[0:2:49.762] Sending response:
    {"projectName":"/dev/null/inferredProject1*","typeAcquisition":{"enable":true,"include":[],"exclude":[]},"compilerOptions":{"target":1,"jsx":1,"allowNonTsExtensions":true,"allowJs":true,"noEmitForJsFiles":true,"maxNodeModuleJsDepth":2},"typings":[],"unresolvedImports":["simple-git"],"kind":"action::set"}
[0:2:49.762] Response has been sent.
[0:2:49.908] Got install request {"projectName":"/dev/null/inferredProject1*","fileNames":["/Users/ivy/.fnm/node-versions/v12.13.1/installation/lib/node_modules/typescript/lib/lib.d.ts","/Users/ivy/.fnm/node-versions/v12.13.1/installation/lib/node_modules/typescript/lib/lib.es5.d.ts","/Users/ivy/.fnm/node-versions/v12.13.1/installation/lib/node_modules/typescript/lib/lib.dom.d.ts","/Users/ivy/.fnm/node-versions/v12.13.1/installation/lib/node_modules/typescript/lib/lib.webworker.importscripts.d.ts","/Users/ivy/.fnm/node-versions/v12.13.1/installation/lib/node_modules/typescript/lib/lib.scripthost.d.ts","/Users/ivy/projects/dotdex/lib/utils.js","/Users/ivy/projects/dotdex/lib/config.js","/Users/ivy/projects/dotdex/lib/dotdex.js"],"compilerOptions":{"target":1,"jsx":1,"allowNonTsExtensions":true,"allowJs":true,"noEmitForJsFiles":true,"maxNodeModuleJsDepth":2},"typeAcquisition":{"enable":true,"include":[],"exclude":[]},"unresolvedImports":["simple-git"],"projectRootPath":"/users/ivy/projects/dotdex/lib","kind":"discover"}
[0:2:49.909] Explicitly included types: []
[0:2:49.910] Inferred typings from unresolved imports: ["simple-git"]
[0:2:49.910] Result: {"cachedTypingPaths":[],"newTypingNames":["simple-git"],"filesToWatch":["/Users/ivy/projects/dotdex/lib/bower_components","/Users/ivy/projects/dotdex/lib/node_modules","/users/ivy/projects/dotdex/lib/bower_components","/users/ivy/projects/dotdex/lib/node_modules"]}
[0:2:49.911] Finished typings discovery: {"cachedTypingPaths":[],"newTypingNames":["simple-git"],"filesToWatch":["/Users/ivy/projects/dotdex/lib/bower_components","/Users/ivy/projects/dotdex/lib/node_modules","/users/ivy/projects/dotdex/lib/bower_components","/users/ivy/projects/dotdex/lib/node_modules"]}
[0:2:49.911] Installing typings ["simple-git"]
[0:2:49.911] 'simple-git':: Entry for package 'simple-git' does not exist in local types registry - skipping...
[0:2:49.911] All typings are known to be missing or invalid - no need to install more typings
[0:2:49.911] Sending response:
    {"projectName":"/dev/null/inferredProject1*","typeAcquisition":{"enable":true,"include":[],"exclude":[]},"compilerOptions":{"target":1,"jsx":1,"allowNonTsExtensions":true,"allowJs":true,"noEmitForJsFiles":true,"maxNodeModuleJsDepth":2},"typings":[],"unresolvedImports":["simple-git"],"kind":"action::set"}
[0:2:49.911] Response has been sent.
