[18:58:36.511] Global cache location '/Users/ivy/Library/Caches/typescript/3.6', safe file path '/users/ivy/.nvm/versions/node/v10.15.3/lib/node_modules/typescript/lib/typingsafelist.json', types map path /users/ivy/.nvm/versions/node/v10.15.3/lib/node_modules/typescript/lib/typesmap.json
[18:58:36.515] Processing cache location '/Users/ivy/Library/Caches/typescript/3.6'
[18:58:36.516] Trying to find '/Users/ivy/Library/Caches/typescript/3.6/package.json'...
[18:58:36.519] Loaded content of '/Users/ivy/Library/Caches/typescript/3.6/package.json': {"private":true,"dependencies":{"types-registry":"^0.1.463"},"devDependencies":{"@types/aphrodite":"^0.5.13","@types/auth0-js":"^9.10.6","@types/classnames":"^2.2.9","@types/codemirror":"0.0.77","@types/color":"^3.0.0","@types/color-convert":"^1.9.0","@types/color-name":"^1.1.1","@types/color-string":"^1.5.0","@types/core-js":"^2.5.2","@types/debug":"^4.1.5","@types/draft-js":"^0.10.36","@types/file-saver":"^2.0.1","@types/geojson":"^7946.0.7","@types/glob":"^7.1.1","@types/highlightjs":"^9.12.0","@types/history":"^4.7.3","@types/inherits":"0.0.30","@types/invariant":"^2.2.30","@types/jwt-decode":"^2.2.1","@types/lodash":"^4.14.140","@types/lodash.capitalize":"^4.2.6","@types/lodash.clamp":"^4.0.6","@types/lodash.clonedeep":"^4.5.6","@types/lodash.get":"^4.4.6","@types/lodash.isequal":"^4.5.5","@types/lodash.throttle":"^4.1.6","@types/mapbox-gl":"^0.54.4","@types/minimatch":"^3.0.3","@types/ncp":"^2.0.2","@types/no-scroll":"^2.1.0","@types/node":"^12.7.11","@types/object-assign":"^4.0.30","@types/ol":"^5.3.5","@types/once":"^1.4.0","@types/path-is-absolute":"^1.0.0","@types/pbf":"^3.0.2","@types/prop-types":"^15.7.3","@types/randomcolor":"^0.5.3","@types/raven-for-redux":"^1.1.1","@types/react":"^16.9.3","@types/react-aria-menubutton":"^6.2.2","@types/react-aria-modal":"^4.0.1","@types/react-autocomplete":"^1.8.5","@types/react-collapse":"^4.0.2","@types/react-color":"^3.0.1","@types/react-dom":"^16.9.1","@types/react-file-reader-input":"^1.1.4","@types/react-icon-base":"^2.1.3","@types/react-motion":"0.0.29","@types/react-redux":"^7.1.4","@types/react-router":"^5.1.0","@types/react-router-dom":"^5.1.0","@types/react-router-hash-link":"^1.2.1","@types/react-router-redux":"^5.0.18","@types/reactcss":"^1.2.3","@types/rimraf":"^2.0.3","@types/warning":"^3.0.0"}}
[18:58:36.519] Loaded content of '/Users/ivy/Library/Caches/typescript/3.6/package-lock.json'
[18:58:36.535] Adding entry into typings cache: 'aphrodite' => '/Users/ivy/Library/Caches/typescript/3.6/node_modules/@types/aphrodite/index.d.ts'
[18:58:36.539] Adding entry into typings cache: 'auth0-js' => '/Users/ivy/Library/Caches/typescript/3.6/node_modules/@types/auth0-js/index.d.ts'
[18:58:36.542] Adding entry into typings cache: 'classnames' => '/Users/ivy/Library/Caches/typescript/3.6/node_modules/@types/classnames/index.d.ts'
[18:58:36.546] Adding entry into typings cache: 'codemirror' => '/Users/ivy/Library/Caches/typescript/3.6/node_modules/@types/codemirror/index.d.ts'
[18:58:36.552] Adding entry into typings cache: 'color' => '/Users/ivy/Library/Caches/typescript/3.6/node_modules/@types/color/index.d.ts'
[18:58:36.555] Adding entry into typings cache: 'color-convert' => '/Users/ivy/Library/Caches/typescript/3.6/node_modules/@types/color-convert/index.d.ts'
[18:58:36.559] Adding entry into typings cache: 'color-name' => '/Users/ivy/Library/Caches/typescript/3.6/node_modules/@types/color-name/index.d.ts'
[18:58:36.561] Adding entry into typings cache: 'color-string' => '/Users/ivy/Library/Caches/typescript/3.6/node_modules/@types/color-string/index.d.ts'
[18:58:36.565] Adding entry into typings cache: 'core-js' => '/Users/ivy/Library/Caches/typescript/3.6/node_modules/@types/core-js/index.d.ts'
[18:58:36.569] Adding entry into typings cache: 'debug' => '/Users/ivy/Library/Caches/typescript/3.6/node_modules/@types/debug/index.d.ts'
[18:58:36.572] Adding entry into typings cache: 'draft-js' => '/Users/ivy/Library/Caches/typescript/3.6/node_modules/@types/draft-js/index.d.ts'
[18:58:36.574] Adding entry into typings cache: 'file-saver' => '/Users/ivy/Library/Caches/typescript/3.6/node_modules/@types/file-saver/index.d.ts'
[18:58:36.578] Adding entry into typings cache: 'geojson' => '/Users/ivy/Library/Caches/typescript/3.6/node_modules/@types/geojson/index.d.ts'
[18:58:36.580] Adding entry into typings cache: 'glob' => '/Users/ivy/Library/Caches/typescript/3.6/node_modules/@types/glob/index.d.ts'
[18:58:36.583] Adding entry into typings cache: 'highlightjs' => '/Users/ivy/Library/Caches/typescript/3.6/node_modules/@types/highlightjs/index.d.ts'
[18:58:36.586] Adding entry into typings cache: 'history' => '/Users/ivy/Library/Caches/typescript/3.6/node_modules/@types/history/index.d.ts'
[18:58:36.591] Adding entry into typings cache: 'inherits' => '/Users/ivy/Library/Caches/typescript/3.6/node_modules/@types/inherits/index.d.ts'
[18:58:36.595] Adding entry into typings cache: 'invariant' => '/Users/ivy/Library/Caches/typescript/3.6/node_modules/@types/invariant/index.d.ts'
[18:58:36.597] Adding entry into typings cache: 'jwt-decode' => '/Users/ivy/Library/Caches/typescript/3.6/node_modules/@types/jwt-decode/index.d.ts'
[18:58:36.603] Adding entry into typings cache: 'lodash' => '/Users/ivy/Library/Caches/typescript/3.6/node_modules/@types/lodash/ts3.1/index.d.ts'
[18:58:36.606] Adding entry into typings cache: 'lodash.capitalize' => '/Users/ivy/Library/Caches/typescript/3.6/node_modules/@types/lodash.capitalize/index.d.ts'
[18:58:36.610] Adding entry into typings cache: 'lodash.clamp' => '/Users/ivy/Library/Caches/typescript/3.6/node_modules/@types/lodash.clamp/index.d.ts'
[18:58:36.614] Adding entry into typings cache: 'lodash.clonedeep' => '/Users/ivy/Library/Caches/typescript/3.6/node_modules/@types/lodash.clonedeep/index.d.ts'
[18:58:36.616] Adding entry into typings cache: 'lodash.get' => '/Users/ivy/Library/Caches/typescript/3.6/node_modules/@types/lodash.get/index.d.ts'
[18:58:36.618] Adding entry into typings cache: 'lodash.isequal' => '/Users/ivy/Library/Caches/typescript/3.6/node_modules/@types/lodash.isequal/index.d.ts'
[18:58:36.620] Adding entry into typings cache: 'lodash.throttle' => '/Users/ivy/Library/Caches/typescript/3.6/node_modules/@types/lodash.throttle/index.d.ts'
[18:58:36.622] Adding entry into typings cache: 'mapbox-gl' => '/Users/ivy/Library/Caches/typescript/3.6/node_modules/@types/mapbox-gl/index.d.ts'
[18:58:36.625] Adding entry into typings cache: 'minimatch' => '/Users/ivy/Library/Caches/typescript/3.6/node_modules/@types/minimatch/index.d.ts'
[18:58:36.627] Adding entry into typings cache: 'ncp' => '/Users/ivy/Library/Caches/typescript/3.6/node_modules/@types/ncp/index.d.ts'
[18:58:36.631] Adding entry into typings cache: 'no-scroll' => '/Users/ivy/Library/Caches/typescript/3.6/node_modules/@types/no-scroll/index.d.ts'
[18:58:36.637] Adding entry into typings cache: 'node' => '/Users/ivy/Library/Caches/typescript/3.6/node_modules/@types/node/ts3.2/index.d.ts'
[18:58:36.640] Adding entry into typings cache: 'object-assign' => '/Users/ivy/Library/Caches/typescript/3.6/node_modules/@types/object-assign/index.d.ts'
[18:58:36.642] Adding entry into typings cache: 'ol' => '/Users/ivy/Library/Caches/typescript/3.6/node_modules/@types/ol/index.d.ts'
[18:58:36.644] Adding entry into typings cache: 'once' => '/Users/ivy/Library/Caches/typescript/3.6/node_modules/@types/once/index.d.ts'
[18:58:36.646] Adding entry into typings cache: 'path-is-absolute' => '/Users/ivy/Library/Caches/typescript/3.6/node_modules/@types/path-is-absolute/index.d.ts'
[18:58:36.650] Adding entry into typings cache: 'pbf' => '/Users/ivy/Library/Caches/typescript/3.6/node_modules/@types/pbf/index.d.ts'
[18:58:36.653] Adding entry into typings cache: 'prop-types' => '/Users/ivy/Library/Caches/typescript/3.6/node_modules/@types/prop-types/index.d.ts'
[18:58:36.657] Adding entry into typings cache: 'randomcolor' => '/Users/ivy/Library/Caches/typescript/3.6/node_modules/@types/randomcolor/index.d.ts'
[18:58:36.660] Adding entry into typings cache: 'raven-for-redux' => '/Users/ivy/Library/Caches/typescript/3.6/node_modules/@types/raven-for-redux/index.d.ts'
[18:58:36.668] Adding entry into typings cache: 'react' => '/Users/ivy/Library/Caches/typescript/3.6/node_modules/@types/react/index.d.ts'
[18:58:36.672] Adding entry into typings cache: 'react-aria-menubutton' => '/Users/ivy/Library/Caches/typescript/3.6/node_modules/@types/react-aria-menubutton/index.d.ts'
[18:58:36.676] Adding entry into typings cache: 'react-aria-modal' => '/Users/ivy/Library/Caches/typescript/3.6/node_modules/@types/react-aria-modal/index.d.ts'
[18:58:36.680] Adding entry into typings cache: 'react-autocomplete' => '/Users/ivy/Library/Caches/typescript/3.6/node_modules/@types/react-autocomplete/index.d.ts'
[18:58:36.684] Adding entry into typings cache: 'react-collapse' => '/Users/ivy/Library/Caches/typescript/3.6/node_modules/@types/react-collapse/index.d.ts'
[18:58:36.687] Adding entry into typings cache: 'react-color' => '/Users/ivy/Library/Caches/typescript/3.6/node_modules/@types/react-color/index.d.ts'
[18:58:36.690] Adding entry into typings cache: 'react-dom' => '/Users/ivy/Library/Caches/typescript/3.6/node_modules/@types/react-dom/index.d.ts'
[18:58:36.693] Adding entry into typings cache: 'react-file-reader-input' => '/Users/ivy/Library/Caches/typescript/3.6/node_modules/@types/react-file-reader-input/index.d.ts'
[18:58:36.696] Adding entry into typings cache: 'react-icon-base' => '/Users/ivy/Library/Caches/typescript/3.6/node_modules/@types/react-icon-base/index.d.ts'
[18:58:36.697] Adding entry into typings cache: 'react-motion' => '/Users/ivy/Library/Caches/typescript/3.6/node_modules/@types/react-motion/index.d.ts'
[18:58:36.700] Adding entry into typings cache: 'react-redux' => '/Users/ivy/Library/Caches/typescript/3.6/node_modules/@types/react-redux/index.d.ts'
[18:58:36.705] Adding entry into typings cache: 'react-router' => '/Users/ivy/Library/Caches/typescript/3.6/node_modules/@types/react-router/index.d.ts'
[18:58:36.708] Adding entry into typings cache: 'react-router-dom' => '/Users/ivy/Library/Caches/typescript/3.6/node_modules/@types/react-router-dom/index.d.ts'
[18:58:36.710] Adding entry into typings cache: 'react-router-hash-link' => '/Users/ivy/Library/Caches/typescript/3.6/node_modules/@types/react-router-hash-link/index.d.ts'
[18:58:36.712] Adding entry into typings cache: 'react-router-redux' => '/Users/ivy/Library/Caches/typescript/3.6/node_modules/@types/react-router-redux/index.d.ts'
[18:58:36.714] Adding entry into typings cache: 'reactcss' => '/Users/ivy/Library/Caches/typescript/3.6/node_modules/@types/reactcss/index.d.ts'
[18:58:36.716] Adding entry into typings cache: 'rimraf' => '/Users/ivy/Library/Caches/typescript/3.6/node_modules/@types/rimraf/index.d.ts'
[18:58:36.718] Adding entry into typings cache: 'warning' => '/Users/ivy/Library/Caches/typescript/3.6/node_modules/@types/warning/index.d.ts'
[18:58:36.718] Finished processing cache location '/Users/ivy/Library/Caches/typescript/3.6'
[18:58:36.719] Process id: 13995
[18:58:36.719] NPM location: /Users/ivy/.nvm/versions/node/v10.15.3/bin/npm (explicit '--npmLocation' not  provided)
[18:58:36.719] validateDefaultNpmLocation: false
[18:58:36.720] Npm config file: /Users/ivy/Library/Caches/typescript/3.6/package.json
[18:58:36.720] Updating types-registry npm package...
[18:58:36.720] Exec: /Users/ivy/.nvm/versions/node/v10.15.3/bin/npm install --ignore-scripts types-registry@latest
[18:58:38.864]     Succeeded. stdout:
    + types-registry@0.1.463
    updated 1 package and audited 181 packages in 1.051s
found 0 vulnerabilities


[18:58:38.865] Updated types-registry npm package
[18:58:38.884] Got install request {"projectName":"/dev/null/inferredProject1*","fileNames":["/Users/ivy/.nvm/versions/node/v10.15.3/lib/node_modules/typescript/lib/lib.d.ts","/Users/ivy/.nvm/versions/node/v10.15.3/lib/node_modules/typescript/lib/lib.es5.d.ts","/Users/ivy/.nvm/versions/node/v10.15.3/lib/node_modules/typescript/lib/lib.dom.d.ts","/Users/ivy/.nvm/versions/node/v10.15.3/lib/node_modules/typescript/lib/lib.webworker.importscripts.d.ts","/Users/ivy/.nvm/versions/node/v10.15.3/lib/node_modules/typescript/lib/lib.scripthost.d.ts","/Users/ivy/projects/dotdex/lib/utils.js","/Users/ivy/projects/dotdex/lib/config.js","/Users/ivy/projects/dotdex/lib/dotdex.js"],"compilerOptions":{"target":1,"jsx":1,"allowNonTsExtensions":true,"allowJs":true,"noEmitForJsFiles":true,"maxNodeModuleJsDepth":2},"typeAcquisition":{"enable":true,"include":[],"exclude":[]},"unresolvedImports":["simple-git"],"projectRootPath":"/users/ivy/projects/dotdex/lib","kind":"discover"}
[18:58:38.897] Loaded safelist from types map file '/users/ivy/.nvm/versions/node/v10.15.3/lib/node_modules/typescript/lib/typesmap.json'
[18:58:38.898] Explicitly included types: []
[18:58:38.899] Inferred typings from unresolved imports: ["simple-git"]
[18:58:38.900] Result: {"cachedTypingPaths":[],"newTypingNames":["simple-git"],"filesToWatch":["/Users/ivy/projects/dotdex/lib/bower_components","/Users/ivy/projects/dotdex/lib/node_modules","/users/ivy/projects/dotdex/lib/bower_components","/users/ivy/projects/dotdex/lib/node_modules"]}
[18:58:38.900] Finished typings discovery: {"cachedTypingPaths":[],"newTypingNames":["simple-git"],"filesToWatch":["/Users/ivy/projects/dotdex/lib/bower_components","/Users/ivy/projects/dotdex/lib/node_modules","/users/ivy/projects/dotdex/lib/bower_components","/users/ivy/projects/dotdex/lib/node_modules"]}
[18:58:38.901] DirectoryWatcher:: Added:: WatchInfo: /Users/ivy/projects/dotdex/lib/bower_components
[18:58:38.903] DirectoryWatcher:: Added:: WatchInfo: /Users/ivy/projects/dotdex/lib/node_modules
[18:58:38.903] Installing typings ["simple-git"]
[18:58:38.904] 'simple-git':: Entry for package 'simple-git' does not exist in local types registry - skipping...
[18:58:38.904] All typings are known to be missing or invalid - no need to install more typings
[18:58:38.905] Sending response:
    {"projectName":"/dev/null/inferredProject1*","typeAcquisition":{"enable":true,"include":[],"exclude":[]},"compilerOptions":{"target":1,"jsx":1,"allowNonTsExtensions":true,"allowJs":true,"noEmitForJsFiles":true,"maxNodeModuleJsDepth":2},"typings":[],"unresolvedImports":["simple-git"],"kind":"action::set"}
[18:58:38.906] Response has been sent.
