[18:27:58.698] Global cache location '/Users/ivy/Library/Caches/typescript/3.6', safe file path '/users/ivy/.nvm/versions/node/v10.15.3/lib/node_modules/typescript/lib/typingsafelist.json', types map path /users/ivy/.nvm/versions/node/v10.15.3/lib/node_modules/typescript/lib/typesmap.json
[18:27:58.701] Processing cache location '/Users/ivy/Library/Caches/typescript/3.6'
[18:27:58.701] Trying to find '/Users/ivy/Library/Caches/typescript/3.6/package.json'...
[18:27:58.709] Loaded content of '/Users/ivy/Library/Caches/typescript/3.6/package.json': {"private":true,"dependencies":{"types-registry":"^0.1.463"},"devDependencies":{"@types/aphrodite":"^0.5.13","@types/auth0-js":"^9.10.6","@types/classnames":"^2.2.9","@types/codemirror":"0.0.77","@types/color":"^3.0.0","@types/color-convert":"^1.9.0","@types/color-name":"^1.1.1","@types/color-string":"^1.5.0","@types/core-js":"^2.5.2","@types/debug":"^4.1.5","@types/draft-js":"^0.10.36","@types/file-saver":"^2.0.1","@types/geojson":"^7946.0.7","@types/glob":"^7.1.1","@types/highlightjs":"^9.12.0","@types/history":"^4.7.3","@types/inherits":"0.0.30","@types/invariant":"^2.2.30","@types/jwt-decode":"^2.2.1","@types/lodash":"^4.14.140","@types/lodash.capitalize":"^4.2.6","@types/lodash.clamp":"^4.0.6","@types/lodash.clonedeep":"^4.5.6","@types/lodash.get":"^4.4.6","@types/lodash.isequal":"^4.5.5","@types/lodash.throttle":"^4.1.6","@types/mapbox-gl":"^0.54.4","@types/minimatch":"^3.0.3","@types/ncp":"^2.0.2","@types/no-scroll":"^2.1.0","@types/node":"^12.7.11","@types/object-assign":"^4.0.30","@types/ol":"^5.3.5","@types/once":"^1.4.0","@types/path-is-absolute":"^1.0.0","@types/pbf":"^3.0.2","@types/prop-types":"^15.7.3","@types/randomcolor":"^0.5.3","@types/raven-for-redux":"^1.1.1","@types/react":"^16.9.3","@types/react-aria-menubutton":"^6.2.2","@types/react-aria-modal":"^4.0.1","@types/react-autocomplete":"^1.8.5","@types/react-collapse":"^4.0.2","@types/react-color":"^3.0.1","@types/react-dom":"^16.9.1","@types/react-file-reader-input":"^1.1.4","@types/react-icon-base":"^2.1.3","@types/react-motion":"0.0.29","@types/react-redux":"^7.1.4","@types/react-router":"^5.1.0","@types/react-router-dom":"^5.1.0","@types/react-router-hash-link":"^1.2.1","@types/react-router-redux":"^5.0.18","@types/reactcss":"^1.2.3","@types/rimraf":"^2.0.3","@types/warning":"^3.0.0"}}
[18:27:58.709] Loaded content of '/Users/ivy/Library/Caches/typescript/3.6/package-lock.json'
[18:27:58.727] Adding entry into typings cache: 'aphrodite' => '/Users/ivy/Library/Caches/typescript/3.6/node_modules/@types/aphrodite/index.d.ts'
[18:27:58.731] Adding entry into typings cache: 'auth0-js' => '/Users/ivy/Library/Caches/typescript/3.6/node_modules/@types/auth0-js/index.d.ts'
[18:27:58.734] Adding entry into typings cache: 'classnames' => '/Users/ivy/Library/Caches/typescript/3.6/node_modules/@types/classnames/index.d.ts'
[18:27:58.738] Adding entry into typings cache: 'codemirror' => '/Users/ivy/Library/Caches/typescript/3.6/node_modules/@types/codemirror/index.d.ts'
[18:27:58.745] Adding entry into typings cache: 'color' => '/Users/ivy/Library/Caches/typescript/3.6/node_modules/@types/color/index.d.ts'
[18:27:58.748] Adding entry into typings cache: 'color-convert' => '/Users/ivy/Library/Caches/typescript/3.6/node_modules/@types/color-convert/index.d.ts'
[18:27:58.751] Adding entry into typings cache: 'color-name' => '/Users/ivy/Library/Caches/typescript/3.6/node_modules/@types/color-name/index.d.ts'
[18:27:58.753] Adding entry into typings cache: 'color-string' => '/Users/ivy/Library/Caches/typescript/3.6/node_modules/@types/color-string/index.d.ts'
[18:27:58.757] Adding entry into typings cache: 'core-js' => '/Users/ivy/Library/Caches/typescript/3.6/node_modules/@types/core-js/index.d.ts'
[18:27:58.762] Adding entry into typings cache: 'debug' => '/Users/ivy/Library/Caches/typescript/3.6/node_modules/@types/debug/index.d.ts'
[18:27:58.766] Adding entry into typings cache: 'draft-js' => '/Users/ivy/Library/Caches/typescript/3.6/node_modules/@types/draft-js/index.d.ts'
[18:27:58.768] Adding entry into typings cache: 'file-saver' => '/Users/ivy/Library/Caches/typescript/3.6/node_modules/@types/file-saver/index.d.ts'
[18:27:58.771] Adding entry into typings cache: 'geojson' => '/Users/ivy/Library/Caches/typescript/3.6/node_modules/@types/geojson/index.d.ts'
[18:27:58.773] Adding entry into typings cache: 'glob' => '/Users/ivy/Library/Caches/typescript/3.6/node_modules/@types/glob/index.d.ts'
[18:27:58.775] Adding entry into typings cache: 'highlightjs' => '/Users/ivy/Library/Caches/typescript/3.6/node_modules/@types/highlightjs/index.d.ts'
[18:27:58.778] Adding entry into typings cache: 'history' => '/Users/ivy/Library/Caches/typescript/3.6/node_modules/@types/history/index.d.ts'
[18:27:58.781] Adding entry into typings cache: 'inherits' => '/Users/ivy/Library/Caches/typescript/3.6/node_modules/@types/inherits/index.d.ts'
[18:27:58.784] Adding entry into typings cache: 'invariant' => '/Users/ivy/Library/Caches/typescript/3.6/node_modules/@types/invariant/index.d.ts'
[18:27:58.787] Adding entry into typings cache: 'jwt-decode' => '/Users/ivy/Library/Caches/typescript/3.6/node_modules/@types/jwt-decode/index.d.ts'
[18:27:58.794] Adding entry into typings cache: 'lodash' => '/Users/ivy/Library/Caches/typescript/3.6/node_modules/@types/lodash/ts3.1/index.d.ts'
[18:27:58.797] Adding entry into typings cache: 'lodash.capitalize' => '/Users/ivy/Library/Caches/typescript/3.6/node_modules/@types/lodash.capitalize/index.d.ts'
[18:27:58.799] Adding entry into typings cache: 'lodash.clamp' => '/Users/ivy/Library/Caches/typescript/3.6/node_modules/@types/lodash.clamp/index.d.ts'
[18:27:58.801] Adding entry into typings cache: 'lodash.clonedeep' => '/Users/ivy/Library/Caches/typescript/3.6/node_modules/@types/lodash.clonedeep/index.d.ts'
[18:27:58.803] Adding entry into typings cache: 'lodash.get' => '/Users/ivy/Library/Caches/typescript/3.6/node_modules/@types/lodash.get/index.d.ts'
[18:27:58.805] Adding entry into typings cache: 'lodash.isequal' => '/Users/ivy/Library/Caches/typescript/3.6/node_modules/@types/lodash.isequal/index.d.ts'
[18:27:58.807] Adding entry into typings cache: 'lodash.throttle' => '/Users/ivy/Library/Caches/typescript/3.6/node_modules/@types/lodash.throttle/index.d.ts'
[18:27:58.808] Adding entry into typings cache: 'mapbox-gl' => '/Users/ivy/Library/Caches/typescript/3.6/node_modules/@types/mapbox-gl/index.d.ts'
[18:27:58.811] Adding entry into typings cache: 'minimatch' => '/Users/ivy/Library/Caches/typescript/3.6/node_modules/@types/minimatch/index.d.ts'
[18:27:58.813] Adding entry into typings cache: 'ncp' => '/Users/ivy/Library/Caches/typescript/3.6/node_modules/@types/ncp/index.d.ts'
[18:27:58.815] Adding entry into typings cache: 'no-scroll' => '/Users/ivy/Library/Caches/typescript/3.6/node_modules/@types/no-scroll/index.d.ts'
[18:27:58.820] Adding entry into typings cache: 'node' => '/Users/ivy/Library/Caches/typescript/3.6/node_modules/@types/node/ts3.2/index.d.ts'
[18:27:58.821] Adding entry into typings cache: 'object-assign' => '/Users/ivy/Library/Caches/typescript/3.6/node_modules/@types/object-assign/index.d.ts'
[18:27:58.823] Adding entry into typings cache: 'ol' => '/Users/ivy/Library/Caches/typescript/3.6/node_modules/@types/ol/index.d.ts'
[18:27:58.825] Adding entry into typings cache: 'once' => '/Users/ivy/Library/Caches/typescript/3.6/node_modules/@types/once/index.d.ts'
[18:27:58.827] Adding entry into typings cache: 'path-is-absolute' => '/Users/ivy/Library/Caches/typescript/3.6/node_modules/@types/path-is-absolute/index.d.ts'
[18:27:58.830] Adding entry into typings cache: 'pbf' => '/Users/ivy/Library/Caches/typescript/3.6/node_modules/@types/pbf/index.d.ts'
[18:27:58.832] Adding entry into typings cache: 'prop-types' => '/Users/ivy/Library/Caches/typescript/3.6/node_modules/@types/prop-types/index.d.ts'
[18:27:58.836] Adding entry into typings cache: 'randomcolor' => '/Users/ivy/Library/Caches/typescript/3.6/node_modules/@types/randomcolor/index.d.ts'
[18:27:58.838] Adding entry into typings cache: 'raven-for-redux' => '/Users/ivy/Library/Caches/typescript/3.6/node_modules/@types/raven-for-redux/index.d.ts'
[18:27:58.846] Adding entry into typings cache: 'react' => '/Users/ivy/Library/Caches/typescript/3.6/node_modules/@types/react/index.d.ts'
[18:27:58.850] Adding entry into typings cache: 'react-aria-menubutton' => '/Users/ivy/Library/Caches/typescript/3.6/node_modules/@types/react-aria-menubutton/index.d.ts'
[18:27:58.851] Adding entry into typings cache: 'react-aria-modal' => '/Users/ivy/Library/Caches/typescript/3.6/node_modules/@types/react-aria-modal/index.d.ts'
[18:27:58.854] Adding entry into typings cache: 'react-autocomplete' => '/Users/ivy/Library/Caches/typescript/3.6/node_modules/@types/react-autocomplete/index.d.ts'
[18:27:58.855] Adding entry into typings cache: 'react-collapse' => '/Users/ivy/Library/Caches/typescript/3.6/node_modules/@types/react-collapse/index.d.ts'
[18:27:58.857] Adding entry into typings cache: 'react-color' => '/Users/ivy/Library/Caches/typescript/3.6/node_modules/@types/react-color/index.d.ts'
[18:27:58.859] Adding entry into typings cache: 'react-dom' => '/Users/ivy/Library/Caches/typescript/3.6/node_modules/@types/react-dom/index.d.ts'
[18:27:58.861] Adding entry into typings cache: 'react-file-reader-input' => '/Users/ivy/Library/Caches/typescript/3.6/node_modules/@types/react-file-reader-input/index.d.ts'
[18:27:58.862] Adding entry into typings cache: 'react-icon-base' => '/Users/ivy/Library/Caches/typescript/3.6/node_modules/@types/react-icon-base/index.d.ts'
[18:27:58.864] Adding entry into typings cache: 'react-motion' => '/Users/ivy/Library/Caches/typescript/3.6/node_modules/@types/react-motion/index.d.ts'
[18:27:58.868] Adding entry into typings cache: 'react-redux' => '/Users/ivy/Library/Caches/typescript/3.6/node_modules/@types/react-redux/index.d.ts'
[18:27:58.873] Adding entry into typings cache: 'react-router' => '/Users/ivy/Library/Caches/typescript/3.6/node_modules/@types/react-router/index.d.ts'
[18:27:58.875] Adding entry into typings cache: 'react-router-dom' => '/Users/ivy/Library/Caches/typescript/3.6/node_modules/@types/react-router-dom/index.d.ts'
[18:27:58.877] Adding entry into typings cache: 'react-router-hash-link' => '/Users/ivy/Library/Caches/typescript/3.6/node_modules/@types/react-router-hash-link/index.d.ts'
[18:27:58.880] Adding entry into typings cache: 'react-router-redux' => '/Users/ivy/Library/Caches/typescript/3.6/node_modules/@types/react-router-redux/index.d.ts'
[18:27:58.881] Adding entry into typings cache: 'reactcss' => '/Users/ivy/Library/Caches/typescript/3.6/node_modules/@types/reactcss/index.d.ts'
[18:27:58.884] Adding entry into typings cache: 'rimraf' => '/Users/ivy/Library/Caches/typescript/3.6/node_modules/@types/rimraf/index.d.ts'
[18:27:58.886] Adding entry into typings cache: 'warning' => '/Users/ivy/Library/Caches/typescript/3.6/node_modules/@types/warning/index.d.ts'
[18:27:58.886] Finished processing cache location '/Users/ivy/Library/Caches/typescript/3.6'
[18:27:58.887] Process id: 12962
[18:27:58.887] NPM location: /Users/ivy/.nvm/versions/node/v10.15.3/bin/npm (explicit '--npmLocation' not  provided)
[18:27:58.887] validateDefaultNpmLocation: false
[18:27:58.887] Npm config file: /Users/ivy/Library/Caches/typescript/3.6/package.json
[18:27:58.887] Updating types-registry npm package...
[18:27:58.888] Exec: /Users/ivy/.nvm/versions/node/v10.15.3/bin/npm install --ignore-scripts types-registry@latest
[18:28:0.635]     Succeeded. stdout:
    + types-registry@0.1.463
    updated 1 package and audited 181 packages in 0.919s
found 0 vulnerabilities


[18:28:0.636] Updated types-registry npm package
[18:28:30.100] Got install request {"projectName":"/dev/null/inferredProject1*","fileNames":["/Users/ivy/.nvm/versions/node/v10.15.3/lib/node_modules/typescript/lib/lib.d.ts","/Users/ivy/.nvm/versions/node/v10.15.3/lib/node_modules/typescript/lib/lib.es5.d.ts","/Users/ivy/.nvm/versions/node/v10.15.3/lib/node_modules/typescript/lib/lib.dom.d.ts","/Users/ivy/.nvm/versions/node/v10.15.3/lib/node_modules/typescript/lib/lib.webworker.importscripts.d.ts","/Users/ivy/.nvm/versions/node/v10.15.3/lib/node_modules/typescript/lib/lib.scripthost.d.ts","/Users/ivy/projects/dotdex/lib/utils.js","/Users/ivy/projects/dotdex/lib/config.js","/Users/ivy/projects/dotdex/lib/dotdex.js"],"compilerOptions":{"target":1,"jsx":1,"allowNonTsExtensions":true,"allowJs":true,"noEmitForJsFiles":true,"maxNodeModuleJsDepth":2},"typeAcquisition":{"enable":true,"include":[],"exclude":[]},"unresolvedImports":["simple-git"],"projectRootPath":"/users/ivy/projects/dotdex/lib","kind":"discover"}
[18:28:30.113] Loaded safelist from types map file '/users/ivy/.nvm/versions/node/v10.15.3/lib/node_modules/typescript/lib/typesmap.json'
[18:28:30.114] Explicitly included types: []
[18:28:30.116] Inferred typings from unresolved imports: ["simple-git"]
[18:28:30.116] Result: {"cachedTypingPaths":[],"newTypingNames":["simple-git"],"filesToWatch":["/Users/ivy/projects/dotdex/lib/bower_components","/Users/ivy/projects/dotdex/lib/node_modules","/users/ivy/projects/dotdex/lib/bower_components","/users/ivy/projects/dotdex/lib/node_modules"]}
[18:28:30.116] Finished typings discovery: {"cachedTypingPaths":[],"newTypingNames":["simple-git"],"filesToWatch":["/Users/ivy/projects/dotdex/lib/bower_components","/Users/ivy/projects/dotdex/lib/node_modules","/users/ivy/projects/dotdex/lib/bower_components","/users/ivy/projects/dotdex/lib/node_modules"]}
[18:28:30.117] DirectoryWatcher:: Added:: WatchInfo: /Users/ivy/projects/dotdex/lib/bower_components
[18:28:30.119] DirectoryWatcher:: Added:: WatchInfo: /Users/ivy/projects/dotdex/lib/node_modules
[18:28:30.121] Installing typings ["simple-git"]
[18:28:30.121] 'simple-git':: Entry for package 'simple-git' does not exist in local types registry - skipping...
[18:28:30.122] All typings are known to be missing or invalid - no need to install more typings
[18:28:30.122] Sending response:
    {"projectName":"/dev/null/inferredProject1*","typeAcquisition":{"enable":true,"include":[],"exclude":[]},"compilerOptions":{"target":1,"jsx":1,"allowNonTsExtensions":true,"allowJs":true,"noEmitForJsFiles":true,"maxNodeModuleJsDepth":2},"typings":[],"unresolvedImports":["simple-git"],"kind":"action::set"}
[18:28:30.123] Response has been sent.
