[20:10:24.325] Global cache location '/Users/ivy/Library/Caches/typescript/3.6', safe file path '/users/ivy/.nvm/versions/node/v10.15.3/lib/node_modules/typescript/lib/typingsafelist.json', types map path /users/ivy/.nvm/versions/node/v10.15.3/lib/node_modules/typescript/lib/typesmap.json
[20:10:24.329] Processing cache location '/Users/ivy/Library/Caches/typescript/3.6'
[20:10:24.330] Trying to find '/Users/ivy/Library/Caches/typescript/3.6/package.json'...
[20:10:24.333] Loaded content of '/Users/ivy/Library/Caches/typescript/3.6/package.json': {"private":true,"dependencies":{"types-registry":"^0.1.463"},"devDependencies":{"@types/aphrodite":"^0.5.13","@types/auth0-js":"^9.10.6","@types/classnames":"^2.2.9","@types/codemirror":"0.0.77","@types/color":"^3.0.0","@types/color-convert":"^1.9.0","@types/color-name":"^1.1.1","@types/color-string":"^1.5.0","@types/core-js":"^2.5.2","@types/debug":"^4.1.5","@types/draft-js":"^0.10.36","@types/file-saver":"^2.0.1","@types/geojson":"^7946.0.7","@types/glob":"^7.1.1","@types/highlightjs":"^9.12.0","@types/history":"^4.7.3","@types/inherits":"0.0.30","@types/invariant":"^2.2.30","@types/jwt-decode":"^2.2.1","@types/lodash":"^4.14.140","@types/lodash.capitalize":"^4.2.6","@types/lodash.clamp":"^4.0.6","@types/lodash.clonedeep":"^4.5.6","@types/lodash.get":"^4.4.6","@types/lodash.isequal":"^4.5.5","@types/lodash.throttle":"^4.1.6","@types/mapbox-gl":"^0.54.4","@types/minimatch":"^3.0.3","@types/ncp":"^2.0.2","@types/no-scroll":"^2.1.0","@types/node":"^12.7.11","@types/object-assign":"^4.0.30","@types/ol":"^5.3.5","@types/once":"^1.4.0","@types/path-is-absolute":"^1.0.0","@types/pbf":"^3.0.2","@types/prop-types":"^15.7.3","@types/randomcolor":"^0.5.3","@types/raven-for-redux":"^1.1.1","@types/react":"^16.9.3","@types/react-aria-menubutton":"^6.2.2","@types/react-aria-modal":"^4.0.1","@types/react-autocomplete":"^1.8.5","@types/react-collapse":"^4.0.2","@types/react-color":"^3.0.1","@types/react-dom":"^16.9.1","@types/react-file-reader-input":"^1.1.4","@types/react-icon-base":"^2.1.3","@types/react-motion":"0.0.29","@types/react-redux":"^7.1.4","@types/react-router":"^5.1.0","@types/react-router-dom":"^5.1.0","@types/react-router-hash-link":"^1.2.1","@types/react-router-redux":"^5.0.18","@types/reactcss":"^1.2.3","@types/rimraf":"^2.0.3","@types/warning":"^3.0.0"}}
[20:10:24.333] Loaded content of '/Users/ivy/Library/Caches/typescript/3.6/package-lock.json'
[20:10:24.352] Adding entry into typings cache: 'aphrodite' => '/Users/ivy/Library/Caches/typescript/3.6/node_modules/@types/aphrodite/index.d.ts'
[20:10:24.358] Adding entry into typings cache: 'auth0-js' => '/Users/ivy/Library/Caches/typescript/3.6/node_modules/@types/auth0-js/index.d.ts'
[20:10:24.362] Adding entry into typings cache: 'classnames' => '/Users/ivy/Library/Caches/typescript/3.6/node_modules/@types/classnames/index.d.ts'
[20:10:24.365] Adding entry into typings cache: 'codemirror' => '/Users/ivy/Library/Caches/typescript/3.6/node_modules/@types/codemirror/index.d.ts'
[20:10:24.372] Adding entry into typings cache: 'color' => '/Users/ivy/Library/Caches/typescript/3.6/node_modules/@types/color/index.d.ts'
[20:10:24.375] Adding entry into typings cache: 'color-convert' => '/Users/ivy/Library/Caches/typescript/3.6/node_modules/@types/color-convert/index.d.ts'
[20:10:24.378] Adding entry into typings cache: 'color-name' => '/Users/ivy/Library/Caches/typescript/3.6/node_modules/@types/color-name/index.d.ts'
[20:10:24.380] Adding entry into typings cache: 'color-string' => '/Users/ivy/Library/Caches/typescript/3.6/node_modules/@types/color-string/index.d.ts'
[20:10:24.385] Adding entry into typings cache: 'core-js' => '/Users/ivy/Library/Caches/typescript/3.6/node_modules/@types/core-js/index.d.ts'
[20:10:24.387] Adding entry into typings cache: 'debug' => '/Users/ivy/Library/Caches/typescript/3.6/node_modules/@types/debug/index.d.ts'
[20:10:24.393] Adding entry into typings cache: 'draft-js' => '/Users/ivy/Library/Caches/typescript/3.6/node_modules/@types/draft-js/index.d.ts'
[20:10:24.395] Adding entry into typings cache: 'file-saver' => '/Users/ivy/Library/Caches/typescript/3.6/node_modules/@types/file-saver/index.d.ts'
[20:10:24.401] Adding entry into typings cache: 'geojson' => '/Users/ivy/Library/Caches/typescript/3.6/node_modules/@types/geojson/index.d.ts'
[20:10:24.403] Adding entry into typings cache: 'glob' => '/Users/ivy/Library/Caches/typescript/3.6/node_modules/@types/glob/index.d.ts'
[20:10:24.405] Adding entry into typings cache: 'highlightjs' => '/Users/ivy/Library/Caches/typescript/3.6/node_modules/@types/highlightjs/index.d.ts'
[20:10:24.409] Adding entry into typings cache: 'history' => '/Users/ivy/Library/Caches/typescript/3.6/node_modules/@types/history/index.d.ts'
[20:10:24.413] Adding entry into typings cache: 'inherits' => '/Users/ivy/Library/Caches/typescript/3.6/node_modules/@types/inherits/index.d.ts'
[20:10:24.416] Adding entry into typings cache: 'invariant' => '/Users/ivy/Library/Caches/typescript/3.6/node_modules/@types/invariant/index.d.ts'
[20:10:24.419] Adding entry into typings cache: 'jwt-decode' => '/Users/ivy/Library/Caches/typescript/3.6/node_modules/@types/jwt-decode/index.d.ts'
[20:10:24.427] Adding entry into typings cache: 'lodash' => '/Users/ivy/Library/Caches/typescript/3.6/node_modules/@types/lodash/ts3.1/index.d.ts'
[20:10:24.429] Adding entry into typings cache: 'lodash.capitalize' => '/Users/ivy/Library/Caches/typescript/3.6/node_modules/@types/lodash.capitalize/index.d.ts'
[20:10:24.432] Adding entry into typings cache: 'lodash.clamp' => '/Users/ivy/Library/Caches/typescript/3.6/node_modules/@types/lodash.clamp/index.d.ts'
[20:10:24.434] Adding entry into typings cache: 'lodash.clonedeep' => '/Users/ivy/Library/Caches/typescript/3.6/node_modules/@types/lodash.clonedeep/index.d.ts'
[20:10:24.436] Adding entry into typings cache: 'lodash.get' => '/Users/ivy/Library/Caches/typescript/3.6/node_modules/@types/lodash.get/index.d.ts'
[20:10:24.438] Adding entry into typings cache: 'lodash.isequal' => '/Users/ivy/Library/Caches/typescript/3.6/node_modules/@types/lodash.isequal/index.d.ts'
[20:10:24.442] Adding entry into typings cache: 'lodash.throttle' => '/Users/ivy/Library/Caches/typescript/3.6/node_modules/@types/lodash.throttle/index.d.ts'
[20:10:24.444] Adding entry into typings cache: 'mapbox-gl' => '/Users/ivy/Library/Caches/typescript/3.6/node_modules/@types/mapbox-gl/index.d.ts'
[20:10:24.448] Adding entry into typings cache: 'minimatch' => '/Users/ivy/Library/Caches/typescript/3.6/node_modules/@types/minimatch/index.d.ts'
[20:10:24.450] Adding entry into typings cache: 'ncp' => '/Users/ivy/Library/Caches/typescript/3.6/node_modules/@types/ncp/index.d.ts'
[20:10:24.453] Adding entry into typings cache: 'no-scroll' => '/Users/ivy/Library/Caches/typescript/3.6/node_modules/@types/no-scroll/index.d.ts'
[20:10:24.458] Adding entry into typings cache: 'node' => '/Users/ivy/Library/Caches/typescript/3.6/node_modules/@types/node/ts3.2/index.d.ts'
[20:10:24.460] Adding entry into typings cache: 'object-assign' => '/Users/ivy/Library/Caches/typescript/3.6/node_modules/@types/object-assign/index.d.ts'
[20:10:24.463] Adding entry into typings cache: 'ol' => '/Users/ivy/Library/Caches/typescript/3.6/node_modules/@types/ol/index.d.ts'
[20:10:24.465] Adding entry into typings cache: 'once' => '/Users/ivy/Library/Caches/typescript/3.6/node_modules/@types/once/index.d.ts'
[20:10:24.467] Adding entry into typings cache: 'path-is-absolute' => '/Users/ivy/Library/Caches/typescript/3.6/node_modules/@types/path-is-absolute/index.d.ts'
[20:10:24.471] Adding entry into typings cache: 'pbf' => '/Users/ivy/Library/Caches/typescript/3.6/node_modules/@types/pbf/index.d.ts'
[20:10:24.474] Adding entry into typings cache: 'prop-types' => '/Users/ivy/Library/Caches/typescript/3.6/node_modules/@types/prop-types/index.d.ts'
[20:10:24.479] Adding entry into typings cache: 'randomcolor' => '/Users/ivy/Library/Caches/typescript/3.6/node_modules/@types/randomcolor/index.d.ts'
[20:10:24.483] Adding entry into typings cache: 'raven-for-redux' => '/Users/ivy/Library/Caches/typescript/3.6/node_modules/@types/raven-for-redux/index.d.ts'
[20:10:24.491] Adding entry into typings cache: 'react' => '/Users/ivy/Library/Caches/typescript/3.6/node_modules/@types/react/index.d.ts'
[20:10:24.496] Adding entry into typings cache: 'react-aria-menubutton' => '/Users/ivy/Library/Caches/typescript/3.6/node_modules/@types/react-aria-menubutton/index.d.ts'
[20:10:24.499] Adding entry into typings cache: 'react-aria-modal' => '/Users/ivy/Library/Caches/typescript/3.6/node_modules/@types/react-aria-modal/index.d.ts'
[20:10:24.501] Adding entry into typings cache: 'react-autocomplete' => '/Users/ivy/Library/Caches/typescript/3.6/node_modules/@types/react-autocomplete/index.d.ts'
[20:10:24.503] Adding entry into typings cache: 'react-collapse' => '/Users/ivy/Library/Caches/typescript/3.6/node_modules/@types/react-collapse/index.d.ts'
[20:10:24.505] Adding entry into typings cache: 'react-color' => '/Users/ivy/Library/Caches/typescript/3.6/node_modules/@types/react-color/index.d.ts'
[20:10:24.507] Adding entry into typings cache: 'react-dom' => '/Users/ivy/Library/Caches/typescript/3.6/node_modules/@types/react-dom/index.d.ts'
[20:10:24.511] Adding entry into typings cache: 'react-file-reader-input' => '/Users/ivy/Library/Caches/typescript/3.6/node_modules/@types/react-file-reader-input/index.d.ts'
[20:10:24.514] Adding entry into typings cache: 'react-icon-base' => '/Users/ivy/Library/Caches/typescript/3.6/node_modules/@types/react-icon-base/index.d.ts'
[20:10:24.516] Adding entry into typings cache: 'react-motion' => '/Users/ivy/Library/Caches/typescript/3.6/node_modules/@types/react-motion/index.d.ts'
[20:10:24.520] Adding entry into typings cache: 'react-redux' => '/Users/ivy/Library/Caches/typescript/3.6/node_modules/@types/react-redux/index.d.ts'
[20:10:24.524] Adding entry into typings cache: 'react-router' => '/Users/ivy/Library/Caches/typescript/3.6/node_modules/@types/react-router/index.d.ts'
[20:10:24.527] Adding entry into typings cache: 'react-router-dom' => '/Users/ivy/Library/Caches/typescript/3.6/node_modules/@types/react-router-dom/index.d.ts'
[20:10:24.530] Adding entry into typings cache: 'react-router-hash-link' => '/Users/ivy/Library/Caches/typescript/3.6/node_modules/@types/react-router-hash-link/index.d.ts'
[20:10:24.532] Adding entry into typings cache: 'react-router-redux' => '/Users/ivy/Library/Caches/typescript/3.6/node_modules/@types/react-router-redux/index.d.ts'
[20:10:24.534] Adding entry into typings cache: 'reactcss' => '/Users/ivy/Library/Caches/typescript/3.6/node_modules/@types/reactcss/index.d.ts'
[20:10:24.537] Adding entry into typings cache: 'rimraf' => '/Users/ivy/Library/Caches/typescript/3.6/node_modules/@types/rimraf/index.d.ts'
[20:10:24.540] Adding entry into typings cache: 'warning' => '/Users/ivy/Library/Caches/typescript/3.6/node_modules/@types/warning/index.d.ts'
[20:10:24.540] Finished processing cache location '/Users/ivy/Library/Caches/typescript/3.6'
[20:10:24.541] Process id: 21595
[20:10:24.541] NPM location: /Users/ivy/.nvm/versions/node/v10.15.3/bin/npm (explicit '--npmLocation' not  provided)
[20:10:24.541] validateDefaultNpmLocation: false
[20:10:24.541] Npm config file: /Users/ivy/Library/Caches/typescript/3.6/package.json
[20:10:24.541] Updating types-registry npm package...
[20:10:24.542] Exec: /Users/ivy/.nvm/versions/node/v10.15.3/bin/npm install --ignore-scripts types-registry@latest
[20:10:26.766]     Succeeded. stdout:
    + types-registry@0.1.463
    updated 1 package and audited 181 packages in 1.156s
found 0 vulnerabilities


[20:10:26.767] Updated types-registry npm package
[20:10:26.786] Got install request {"projectName":"/dev/null/inferredProject1*","fileNames":["/Users/ivy/.nvm/versions/node/v10.15.3/lib/node_modules/typescript/lib/lib.d.ts","/Users/ivy/.nvm/versions/node/v10.15.3/lib/node_modules/typescript/lib/lib.es5.d.ts","/Users/ivy/.nvm/versions/node/v10.15.3/lib/node_modules/typescript/lib/lib.dom.d.ts","/Users/ivy/.nvm/versions/node/v10.15.3/lib/node_modules/typescript/lib/lib.webworker.importscripts.d.ts","/Users/ivy/.nvm/versions/node/v10.15.3/lib/node_modules/typescript/lib/lib.scripthost.d.ts","/Users/ivy/projects/dotdex/lib/utils.js","/Users/ivy/projects/dotdex/lib/config.js","/Users/ivy/projects/dotdex/lib/dotdex.js"],"compilerOptions":{"target":1,"jsx":1,"allowNonTsExtensions":true,"allowJs":true,"noEmitForJsFiles":true,"maxNodeModuleJsDepth":2},"typeAcquisition":{"enable":true,"include":[],"exclude":[]},"unresolvedImports":["simple-git"],"projectRootPath":"/users/ivy/projects/dotdex/lib","kind":"discover"}
[20:10:26.805] Loaded safelist from types map file '/users/ivy/.nvm/versions/node/v10.15.3/lib/node_modules/typescript/lib/typesmap.json'
[20:10:26.806] Explicitly included types: []
[20:10:26.808] Inferred typings from unresolved imports: ["simple-git"]
[20:10:26.808] Result: {"cachedTypingPaths":[],"newTypingNames":["simple-git"],"filesToWatch":["/Users/ivy/projects/dotdex/lib/bower_components","/Users/ivy/projects/dotdex/lib/node_modules","/users/ivy/projects/dotdex/lib/bower_components","/users/ivy/projects/dotdex/lib/node_modules"]}
[20:10:26.808] Finished typings discovery: {"cachedTypingPaths":[],"newTypingNames":["simple-git"],"filesToWatch":["/Users/ivy/projects/dotdex/lib/bower_components","/Users/ivy/projects/dotdex/lib/node_modules","/users/ivy/projects/dotdex/lib/bower_components","/users/ivy/projects/dotdex/lib/node_modules"]}
[20:10:26.809] DirectoryWatcher:: Added:: WatchInfo: /Users/ivy/projects/dotdex/lib/bower_components
[20:10:26.811] DirectoryWatcher:: Added:: WatchInfo: /Users/ivy/projects/dotdex/lib/node_modules
[20:10:26.812] Installing typings ["simple-git"]
[20:10:26.812] 'simple-git':: Entry for package 'simple-git' does not exist in local types registry - skipping...
[20:10:26.812] All typings are known to be missing or invalid - no need to install more typings
[20:10:26.813] Sending response:
    {"projectName":"/dev/null/inferredProject1*","typeAcquisition":{"enable":true,"include":[],"exclude":[]},"compilerOptions":{"target":1,"jsx":1,"allowNonTsExtensions":true,"allowJs":true,"noEmitForJsFiles":true,"maxNodeModuleJsDepth":2},"typings":[],"unresolvedImports":["simple-git"],"kind":"action::set"}
[20:10:26.813] Response has been sent.
